<?xml version="1.0" encoding="UTF-8"?>
<!-- Generated by org.testng.reporters.JUnitXMLReporter -->
<testsuite hostname="G2RWJPN2E" ignored="0" name="Smoke" tests="4" failures="0" timestamp="2020-10-08T08:27:28 IST" time="0.037" errors="0">
  <testcase name="Atest2" time="0.003" classname="Demo.Test1"/>
  <testcase name="Ztest1" time="0.003" classname="Demo.Test1"/>
  <testcase name="test3" time="0.002" classname="Demo.Test2"/>
  <testcase name="test4" time="0.003" classname="Demo.Test2"/>
</testsuite> <!-- Smoke -->
