<?xml version="1.0" encoding="UTF-8"?>
<!-- Generated by org.testng.reporters.JUnitXMLReporter -->
<testsuite hostname="G2RWJPN2E" ignored="0" name="Test" tests="4" failures="0" timestamp="2020-10-07T15:44:47 IST" time="0.113" errors="0">
  <testcase name="test1" time="0.018" classname="Demo.Test1"/>
  <testcase name="test2" time="0.002" classname="Demo.Test1"/>
  <testcase name="test3" time="0.002" classname="Demo.Test2"/>
  <testcase name="test4" time="0.002" classname="Demo.Test2"/>
</testsuite> <!-- Test -->
